[debug] [2020-05-10T19:22:25.847Z] ----------------------------------------------------------------------
[debug] [2020-05-10T19:22:25.850Z] Command:       C:\Program Files\nodejs\node.exe C:\Users\ishay\AppData\Roaming\npm\node_modules\firebase-tools\lib\bin\firebase.js init
[debug] [2020-05-10T19:22:25.851Z] CLI Version:   8.1.1
[debug] [2020-05-10T19:22:25.851Z] Platform:      win32
[debug] [2020-05-10T19:22:25.851Z] Node Version:  v12.14.0
[debug] [2020-05-10T19:22:25.854Z] Time:          Sun May 10 2020 22:22:25 GMT+0300 (Israel Daylight Time)
[debug] [2020-05-10T19:22:25.855Z] ----------------------------------------------------------------------
[debug] [2020-05-10T19:22:25.855Z] 
[debug] [2020-05-10T19:22:25.875Z] > command requires scopes: ["email","openid","https://www.googleapis.com/auth/cloudplatformprojects.readonly","https://www.googleapis.com/auth/firebase","https://www.googleapis.com/auth/cloud-platform"]
[debug] [2020-05-10T19:22:25.876Z] > authorizing via signed-in user
[info] 
     ######## #### ########  ######## ########     ###     ######  ########
     ##        ##  ##     ## ##       ##     ##  ##   ##  ##       ##
     ######    ##  ########  ######   ########  #########  ######  ######
     ##        ##  ##    ##  ##       ##     ## ##     ##       ## ##
     ##       #### ##     ## ######## ########  ##     ##  ######  ########

You're about to initialize a Firebase project in this directory:

  C:\Users\ishay\Desktop\Social media app\client

[info] 
=== Project Setup
[info] 
[info] First, let's associate this project directory with a Firebase project.
[info] You can create multiple project aliases by running firebase use --add, 
[info] but for now we'll just set up a default project.
[info] 
[debug] [2020-05-10T19:23:27.333Z] >>> HTTP REQUEST GET https://firebase.googleapis.com/v1beta1/projects?pageSize=100  
 
[debug] [2020-05-10T19:23:48.389Z] Server Error. connect ETIMEDOUT 172.217.169.10:443
[debug] [2020-05-10T19:23:48.408Z] FirebaseError: Server Error. connect ETIMEDOUT 172.217.169.10:443
    at Request._callback (C:\Users\ishay\AppData\Roaming\npm\node_modules\firebase-tools\lib\api.js:32:31)
    at self.callback (C:\Users\ishay\AppData\Roaming\npm\node_modules\firebase-tools\node_modules\request\request.js:185:22)
    at Request.emit (events.js:210:5)
    at Request.EventEmitter.emit (domain.js:475:20)
    at Request.onRequestError (C:\Users\ishay\AppData\Roaming\npm\node_modules\firebase-tools\node_modules\request\request.js:877:8)
    at ClientRequest.emit (events.js:215:7)
    at ClientRequest.EventEmitter.emit (domain.js:475:20)
    at TLSSocket.socketErrorListener (_http_client.js:406:9)
    at TLSSocket.emit (events.js:210:5)
    at TLSSocket.EventEmitter.emit (domain.js:475:20)
    at emitErrorNT (internal/streams/destroy.js:92:8)
    at emitErrorAndCloseNT (internal/streams/destroy.js:60:3)
    at processTicksAndRejections (internal/process/task_queues.js:80:21)
[error] 
[error] Error: Failed to list Firebase projects. See firebase-debug.log for more info.
[debug] [2020-05-10T19:24:05.355Z] ----------------------------------------------------------------------
[debug] [2020-05-10T19:24:05.359Z] Command:       C:\Program Files\nodejs\node.exe C:\Users\ishay\AppData\Roaming\npm\node_modules\firebase-tools\lib\bin\firebase.js init
[debug] [2020-05-10T19:24:05.359Z] CLI Version:   8.1.1
[debug] [2020-05-10T19:24:05.359Z] Platform:      win32
[debug] [2020-05-10T19:24:05.359Z] Node Version:  v12.14.0
[debug] [2020-05-10T19:24:05.362Z] Time:          Sun May 10 2020 22:24:05 GMT+0300 (Israel Daylight Time)
[debug] [2020-05-10T19:24:05.363Z] ----------------------------------------------------------------------
[debug] [2020-05-10T19:24:05.363Z] 
[debug] [2020-05-10T19:24:05.387Z] > command requires scopes: ["email","openid","https://www.googleapis.com/auth/cloudplatformprojects.readonly","https://www.googleapis.com/auth/firebase","https://www.googleapis.com/auth/cloud-platform"]
[debug] [2020-05-10T19:24:05.388Z] > authorizing via signed-in user
[info] 
     ######## #### ########  ######## ########     ###     ######  ########
     ##        ##  ##     ## ##       ##     ##  ##   ##  ##       ##
     ######    ##  ########  ######   ########  #########  ######  ######
     ##        ##  ##    ##  ##       ##     ## ##     ##       ## ##
     ##       #### ##     ## ######## ########  ##     ##  ######  ########

You're about to initialize a Firebase project in this directory:

  C:\Users\ishay\Desktop\Social media app\client

[info] 
=== Project Setup
[info] 
[info] First, let's associate this project directory with a Firebase project.
[info] You can create multiple project aliases by running firebase use --add, 
[info] but for now we'll just set up a default project.
[info] 
[debug] [2020-05-10T19:24:32.795Z] >>> HTTP REQUEST GET https://firebase.googleapis.com/v1beta1/availableProjects?pageSize=100  
 
[debug] [2020-05-10T19:24:43.870Z] Server Error. getaddrinfo ENOTFOUND firebase.googleapis.com
[debug] [2020-05-10T19:24:43.886Z] FirebaseError: Server Error. getaddrinfo ENOTFOUND firebase.googleapis.com
    at Request._callback (C:\Users\ishay\AppData\Roaming\npm\node_modules\firebase-tools\lib\api.js:32:31)
    at self.callback (C:\Users\ishay\AppData\Roaming\npm\node_modules\firebase-tools\node_modules\request\request.js:185:22)
    at Request.emit (events.js:210:5)
    at Request.EventEmitter.emit (domain.js:475:20)
    at Request.onRequestError (C:\Users\ishay\AppData\Roaming\npm\node_modules\firebase-tools\node_modules\request\request.js:877:8)
    at ClientRequest.emit (events.js:215:7)
    at ClientRequest.EventEmitter.emit (domain.js:475:20)
    at TLSSocket.socketErrorListener (_http_client.js:406:9)
    at TLSSocket.emit (events.js:210:5)
    at TLSSocket.EventEmitter.emit (domain.js:475:20)
    at emitErrorNT (internal/streams/destroy.js:92:8)
    at emitErrorAndCloseNT (internal/streams/destroy.js:60:3)
    at processTicksAndRejections (internal/process/task_queues.js:80:21)
[error] 
[error] Error: Failed to list available Google Cloud Platform projects. See firebase-debug.log for more info.
